This is pdfTeX, Version 3.14159265-2.6-1.40.16 (TeX Live 2015/Debian) (preloaded format=pdflatex 2016.8.23)  12 OCT 2016 22:26
entering extended mode
 restricted \write18 enabled.
 %&-line parsing enabled.
**report.tex
(./report.tex
LaTeX2e <2015/01/01>
Babel <3.9l> and hyphenation patterns for 79 languages loaded.
(/usr/share/texlive/texmf-dist/tex/latex/base/report.cls
Document Class: report 2014/09/29 v1.4h Standard LaTeX document class
(/usr/share/texlive/texmf-dist/tex/latex/base/size12.clo
File: size12.clo 2014/09/29 v1.4h Standard LaTeX file (size option)
)
\c@part=\count79
\c@chapter=\count80
\c@section=\count81
\c@subsection=\count82
\c@subsubsection=\count83
\c@paragraph=\count84
\c@subparagraph=\count85
\c@figure=\count86
\c@table=\count87
\abovecaptionskip=\skip41
\belowcaptionskip=\skip42
\bibindent=\dimen102
)
(/usr/share/texlive/texmf-dist/tex/latex/pdfscreen/pdfscreen.sty
Package: pdfscreen 2000/07/07 v.1.5 screen PDF design (CVR)

(/usr/share/texlive/texmf-dist/tex/latex/graphics/graphicx.sty
Package: graphicx 2014/10/28 v1.0g Enhanced LaTeX Graphics (DPC,SPQR)

(/usr/share/texlive/texmf-dist/tex/latex/graphics/keyval.sty
Package: keyval 2014/10/28 v1.15 key=value parser (DPC)
\KV@toks@=\toks14
)
(/usr/share/texlive/texmf-dist/tex/latex/graphics/graphics.sty
Package: graphics 2014/10/28 v1.0p Standard LaTeX Graphics (DPC,SPQR)

(/usr/share/texlive/texmf-dist/tex/latex/graphics/trig.sty
Package: trig 1999/03/16 v1.09 sin cos tan (DPC)
)
(/usr/share/texlive/texmf-dist/tex/latex/latexconfig/graphics.cfg
File: graphics.cfg 2010/04/23 v1.9 graphics configuration of TeX Live
)
Package graphics Info: Driver file: pdftex.def on input line 94.

(/usr/share/texlive/texmf-dist/tex/latex/pdftex-def/pdftex.def
File: pdftex.def 2011/05/27 v0.06d Graphics/color for pdfTeX

(/usr/share/texlive/texmf-dist/tex/generic/oberdiek/infwarerr.sty
Package: infwarerr 2010/04/08 v1.3 Providing info/warning/error messages (HO)
)
(/usr/share/texlive/texmf-dist/tex/generic/oberdiek/ltxcmds.sty
Package: ltxcmds 2011/11/09 v1.22 LaTeX kernel commands for general use (HO)
)
\Gread@gobject=\count88
))
\Gin@req@height=\dimen103
\Gin@req@width=\dimen104
)
(/usr/share/texlive/texmf-dist/tex/latex/graphics/color.sty
Package: color 2014/10/28 v1.1a Standard LaTeX Color (DPC)

(/usr/share/texlive/texmf-dist/tex/latex/latexconfig/color.cfg
File: color.cfg 2007/01/18 v1.5 color configuration of teTeX/TeXLive
)
Package color Info: Driver file: pdftex.def on input line 142.
)
(/usr/share/texlive/texmf-dist/tex/latex/tools/calc.sty
Package: calc 2014/10/28 v4.3 Infix arithmetic (KKT,FJ)
\calc@Acount=\count89
\calc@Bcount=\count90
\calc@Adimen=\dimen105
\calc@Bdimen=\dimen106
\calc@Askip=\skip43
\calc@Bskip=\skip44
LaTeX Info: Redefining \setlength on input line 80.
LaTeX Info: Redefining \addtolength on input line 81.
\calc@Ccount=\count91
\calc@Cskip=\skip45
)
(/usr/share/texlive/texmf-dist/tex/latex/comment/comment.sty
\CommentStream=\write3

Excluding comment 'comment')
\c@panel=\count92
\c@driver=\count93
\c@scheme=\count94

(/usr/share/texlive/texmf-dist/tex/latex/amsfonts/amssymb.sty
Package: amssymb 2013/01/14 v3.01 AMS font symbols

(/usr/share/texlive/texmf-dist/tex/latex/amsfonts/amsfonts.sty
Package: amsfonts 2013/01/14 v3.01 Basic AMSFonts support
\@emptytoks=\toks15
\symAMSa=\mathgroup4
\symAMSb=\mathgroup5
LaTeX Font Info:    Overwriting math alphabet `\mathfrak' in version `bold'
(Font)                  U/euf/m/n --> U/euf/b/n on input line 106.
))
(/usr/share/texlive/texmf-dist/tex/latex/hyperref/hyperref.sty
Package: hyperref 2012/11/06 v6.83m Hypertext links for LaTeX

(/usr/share/texlive/texmf-dist/tex/generic/oberdiek/hobsub-hyperref.sty
Package: hobsub-hyperref 2012/05/28 v1.13 Bundle oberdiek, subset hyperref (HO)


(/usr/share/texlive/texmf-dist/tex/generic/oberdiek/hobsub-generic.sty
Package: hobsub-generic 2012/05/28 v1.13 Bundle oberdiek, subset generic (HO)
Package: hobsub 2012/05/28 v1.13 Construct package bundles (HO)
Package hobsub Info: Skipping package `infwarerr' (already loaded).
Package hobsub Info: Skipping package `ltxcmds' (already loaded).
Package: ifluatex 2010/03/01 v1.3 Provides the ifluatex switch (HO)
Package ifluatex Info: LuaTeX not detected.
Package: ifvtex 2010/03/01 v1.5 Detect VTeX and its facilities (HO)
Package ifvtex Info: VTeX not detected.
Package: intcalc 2007/09/27 v1.1 Expandable calculations with integers (HO)
Package: ifpdf 2011/01/30 v2.3 Provides the ifpdf switch (HO)
Package ifpdf Info: pdfTeX in PDF mode is detected.
Package: etexcmds 2011/02/16 v1.5 Avoid name clashes with e-TeX commands (HO)
Package etexcmds Info: Could not find \expanded.
(etexcmds)             That can mean that you are not using pdfTeX 1.50 or
(etexcmds)             that some package has redefined \expanded.
(etexcmds)             In the latter case, load this package earlier.
Package: kvsetkeys 2012/04/25 v1.16 Key value parser (HO)
Package: kvdefinekeys 2011/04/07 v1.3 Define keys (HO)
Package: pdftexcmds 2011/11/29 v0.20 Utility functions of pdfTeX for LuaTeX (HO
)
Package pdftexcmds Info: LuaTeX not detected.
Package pdftexcmds Info: \pdf@primitive is available.
Package pdftexcmds Info: \pdf@ifprimitive is available.
Package pdftexcmds Info: \pdfdraftmode found.
Package: pdfescape 2011/11/25 v1.13 Implements pdfTeX's escape features (HO)
Package: bigintcalc 2012/04/08 v1.3 Expandable calculations on big integers (HO
)
Package: bitset 2011/01/30 v1.1 Handle bit-vector datatype (HO)
Package: uniquecounter 2011/01/30 v1.2 Provide unlimited unique counter (HO)
)
Package hobsub Info: Skipping package `hobsub' (already loaded).
Package: letltxmacro 2010/09/02 v1.4 Let assignment for LaTeX macros (HO)
Package: hopatch 2012/05/28 v1.2 Wrapper for package hooks (HO)
Package: xcolor-patch 2011/01/30 xcolor patch
Package: atveryend 2011/06/30 v1.8 Hooks at the very end of document (HO)
Package atveryend Info: \enddocument detected (standard20110627).
Package: atbegshi 2011/10/05 v1.16 At begin shipout hook (HO)
Package: refcount 2011/10/16 v3.4 Data extraction from label references (HO)
Package: hycolor 2011/01/30 v1.7 Color options for hyperref/bookmark (HO)
)
(/usr/share/texlive/texmf-dist/tex/generic/ifxetex/ifxetex.sty
Package: ifxetex 2010/09/12 v0.6 Provides ifxetex conditional
)
(/usr/share/texlive/texmf-dist/tex/latex/oberdiek/auxhook.sty
Package: auxhook 2011/03/04 v1.3 Hooks for auxiliary files (HO)
)
(/usr/share/texlive/texmf-dist/tex/latex/oberdiek/kvoptions.sty
Package: kvoptions 2011/06/30 v3.11 Key value format for package options (HO)
)
\@linkdim=\dimen107
\Hy@linkcounter=\count95
\Hy@pagecounter=\count96

(/usr/share/texlive/texmf-dist/tex/latex/hyperref/pd1enc.def
File: pd1enc.def 2012/11/06 v6.83m Hyperref: PDFDocEncoding definition (HO)
)
\Hy@SavedSpaceFactor=\count97

(/usr/share/texlive/texmf-dist/tex/latex/latexconfig/hyperref.cfg
File: hyperref.cfg 2002/06/06 v1.2 hyperref configuration of TeXLive
)
Package hyperref Info: Option `bookmarksopen' set `true' on input line 4319.
Package hyperref Info: Option `colorlinks' set `true' on input line 4319.
Package hyperref Info: Hyper figures OFF on input line 4443.
Package hyperref Info: Link nesting OFF on input line 4448.
Package hyperref Info: Hyper index ON on input line 4451.
Package hyperref Info: Plain pages OFF on input line 4458.
Package hyperref Info: Backreferencing OFF on input line 4463.
Package hyperref Info: Implicit mode ON; LaTeX internals redefined.
Package hyperref Info: Bookmarks ON on input line 4688.
\c@Hy@tempcnt=\count98

(/usr/share/texlive/texmf-dist/tex/latex/url/url.sty
\Urlmuskip=\muskip10
Package: url 2013/09/16  ver 3.4  Verb mode for urls, etc.
)
LaTeX Info: Redefining \url on input line 5041.
\XeTeXLinkMargin=\dimen108
\Fld@menulength=\count99
\Field@Width=\dimen109
\Fld@charsize=\dimen110
Package hyperref Info: Hyper figures OFF on input line 6295.
Package hyperref Info: Link nesting OFF on input line 6300.
Package hyperref Info: Hyper index ON on input line 6303.
Package hyperref Info: backreferencing OFF on input line 6310.
Package hyperref Info: Link coloring ON on input line 6313.
Package hyperref Info: Link coloring with OCG OFF on input line 6320.
Package hyperref Info: PDF/A mode OFF on input line 6325.
LaTeX Info: Redefining \ref on input line 6365.
LaTeX Info: Redefining \pageref on input line 6369.
\Hy@abspage=\count100
\c@Item=\count101
\c@Hfootnote=\count102
)

Package hyperref Message: Driver: hpdftex.

(/usr/share/texlive/texmf-dist/tex/latex/hyperref/hpdftex.def
File: hpdftex.def 2012/11/06 v6.83m Hyperref driver for pdfTeX
\Fld@listcount=\count103
\c@bookmark@seq@number=\count104

(/usr/share/texlive/texmf-dist/tex/latex/oberdiek/rerunfilecheck.sty
Package: rerunfilecheck 2011/04/15 v1.7 Rerun checks for auxiliary files (HO)
Package uniquecounter Info: New unique counter `rerunfilecheck' on input line 2
82.
)
\Hy@SectionHShift=\skip46
)
Include comment 'print' Excluding comment 'screen'
(/usr/share/texlive/texmf-dist/tex/latex/fancybox/fancybox.sty
Package: fancybox 2010/05/15 1.4

Style option: `fancybox' v1.4 <2010/05/15> (tvz)
\@fancybox=\box26
\shadowsize=\dimen111
\@Sbox=\box27
\do@VerbBox=\toks16
\the@fancyput=\toks17
\this@fancyput=\toks18
\EndVerbatimTokens=\toks19
\Verbatim@Outfile=\write4
\Verbatim@Infile=\read1
)
\@PDFmpht=\dimen112
\c@slide=\count105
\c@slideoverlay=\count106
) (/usr/share/texlive/texmf-dist/tex/latex/lipsum/lipsum.sty
Package: lipsum 2014/07/27 v1.3 150 paragraphs of Lorem Ipsum dummy text
\c@lips@count=\count107
)
(/usr/share/texlive/texmf-dist/tex/latex/titlesec/titletoc.sty
Package: titletoc 2011/12/15 v1.6 TOC entries
\ttl@leftsep=\dimen113
)
(/usr/share/texlive/texmf-dist/tex/latex/lastpage/lastpage.sty
Package: lastpage 2015/03/29 v1.2m Refers to last page's name (HMM; JPG)
)

! LaTeX Error: File `macro/macro.sty' not found.

Type X to quit or <RETURN> to proceed,
or enter new name. (Default extension: sty)

Enter file name: 
(/usr/share/texlive/texmf-dist/tex/latex/float/float.sty
Package: float 2001/11/08 v1.3d Float enhancements (AL)
\c@float@type=\count108
\float@exts=\toks20
\float@box=\box28
\@float@everytoks=\toks21
\@floatcapt=\box29
)
(/usr/share/texlive/texmf-dist/tex/latex/wrapfig/wrapfig.sty
\wrapoverhang=\dimen114
\WF@size=\dimen115
\c@WF@wrappedlines=\count109
\WF@box=\box30
\WF@everypar=\toks22
Package: wrapfig 2003/01/31  v 3.6
)
(/usr/share/texlive/texmf-dist/tex/latex/fancyhdr/fancyhdr.sty
\fancy@headwidth=\skip47
\f@ncyO@elh=\skip48
\f@ncyO@erh=\skip49
\f@ncyO@olh=\skip50
\f@ncyO@orh=\skip51
\f@ncyO@elf=\skip52
\f@ncyO@erf=\skip53
\f@ncyO@olf=\skip54
\f@ncyO@orf=\skip55
)
(/usr/share/texlive/texmf-dist/tex/latex/tools/verbatim.sty
Package: verbatim 2014/10/28 v1.5q LaTeX2e package for verbatim enhancements
\every@verbatim=\toks23
\verbatim@line=\toks24
\verbatim@in@stream=\read2
)
(/usr/share/texlive/texmf-dist/tex/latex/fncychap/fncychap.sty
Package: fncychap 2007/07/30 v1.34 LaTeX package (Revised chapters)
\RW=\skip56
\mylen=\skip57
\myhi=\skip58
\px=\skip59
\py=\skip60
\pyy=\skip61
\pxx=\skip62
\backskip=\skip63
)
(/usr/share/texlive/texmf-dist/tex/latex/geometry/geometry.sty
Package: geometry 2010/09/12 v5.6 Page Geometry
\Gm@cnth=\count110
\Gm@cntv=\count111
\c@Gm@tempcnt=\count112
\Gm@bindingoffset=\dimen116
\Gm@wd@mp=\dimen117
\Gm@odd@mp=\dimen118
\Gm@even@mp=\dimen119
\Gm@layoutwidth=\dimen120
\Gm@layoutheight=\dimen121
\Gm@layouthoffset=\dimen122
\Gm@layoutvoffset=\dimen123
\Gm@dimlist=\toks25
)
Excluding 'screen' comment. (./report.aux

LaTeX Warning: Label `' multiply defined.


LaTeX Warning: Label `' multiply defined.


LaTeX Warning: Label `' multiply defined.


LaTeX Warning: Label `' multiply defined.


LaTeX Warning: Label `' multiply defined.


LaTeX Warning: Label `' multiply defined.


LaTeX Warning: Label `' multiply defined.


LaTeX Warning: Label `' multiply defined.


LaTeX Warning: Label `' multiply defined.


LaTeX Warning: Label `' multiply defined.


LaTeX Warning: Label `' multiply defined.

)
\openout1 = `report.aux'.

LaTeX Font Info:    Checking defaults for OML/cmm/m/it on input line 31.
LaTeX Font Info:    ... okay on input line 31.
LaTeX Font Info:    Checking defaults for T1/cmr/m/n on input line 31.
LaTeX Font Info:    ... okay on input line 31.
LaTeX Font Info:    Checking defaults for OT1/cmr/m/n on input line 31.
LaTeX Font Info:    ... okay on input line 31.
LaTeX Font Info:    Checking defaults for OMS/cmsy/m/n on input line 31.
LaTeX Font Info:    ... okay on input line 31.
LaTeX Font Info:    Checking defaults for OMX/cmex/m/n on input line 31.
LaTeX Font Info:    ... okay on input line 31.
LaTeX Font Info:    Checking defaults for U/cmr/m/n on input line 31.
LaTeX Font Info:    ... okay on input line 31.
LaTeX Font Info:    Checking defaults for PD1/pdf/m/n on input line 31.
LaTeX Font Info:    ... okay on input line 31.
 (/usr/share/texlive/texmf-dist/tex/context/base/supp-pdf.mkii
[Loading MPS to PDF converter (version 2006.09.02).]
\scratchcounter=\count113
\scratchdimen=\dimen124
\scratchbox=\box31
\nofMPsegments=\count114
\nofMParguments=\count115
\everyMPshowfont=\toks26
\MPscratchCnt=\count116
\MPscratchDim=\dimen125
\MPnumerator=\count117
\makeMPintoPDFobject=\count118
\everyMPtoPDFconversion=\toks27
) (/usr/share/texlive/texmf-dist/tex/latex/oberdiek/epstopdf-base.sty
Package: epstopdf-base 2010/02/09 v2.5 Base part for package epstopdf

(/usr/share/texlive/texmf-dist/tex/latex/oberdiek/grfext.sty
Package: grfext 2010/08/19 v1.1 Manage graphics extensions (HO)
)
Package grfext Info: Graphics extension search list:
(grfext)             [.png,.pdf,.jpg,.mps,.jpeg,.jbig2,.jb2,.PNG,.PDF,.JPG,.JPE
G,.JBIG2,.JB2,.eps]
(grfext)             \AppendGraphicsExtensions on input line 452.

(/usr/share/texlive/texmf-dist/tex/latex/latexconfig/epstopdf-sys.cfg
File: epstopdf-sys.cfg 2010/07/13 v1.3 Configuration of (r)epstopdf for TeX Liv
e
))
\AtBeginShipoutBox=\box32
Package hyperref Info: Link coloring ON on input line 31.

(/usr/share/texlive/texmf-dist/tex/latex/hyperref/nameref.sty
Package: nameref 2012/10/27 v2.43 Cross-referencing by name of section

(/usr/share/texlive/texmf-dist/tex/generic/oberdiek/gettitlestring.sty
Package: gettitlestring 2010/12/03 v1.4 Cleanup title references (HO)
)
\c@section@level=\count119
)
LaTeX Info: Redefining \ref on input line 31.
LaTeX Info: Redefining \pageref on input line 31.
LaTeX Info: Redefining \nameref on input line 31.

(./report.out) (./report.out)
\@outlinefile=\write5
\openout5 = `report.out'.

Package lastpage Info: Please have a look at the pageslts package at
(lastpage)             https://www.ctan.org/pkg/pageslts
(lastpage)             ! on input line 31.

*geometry* driver: auto-detecting
*geometry* detected driver: pdftex
*geometry* verbose mode - [ preamble ] result:
* driver: pdftex
* paper: <default>
* layout: <same size as paper>
* layoutoffset:(h,v)=(0.0pt,0.0pt)
* modes: 
* h-part:(L,W,R)=(71.13188pt, 500.484pt, 42.67912pt)
* v-part:(T,H,B)=(71.13188pt, 681.15898pt, 42.67912pt)
* \paperwidth=614.295pt
* \paperheight=794.96999pt
* \textwidth=500.484pt
* \textheight=681.15898pt
* \oddsidemargin=-1.1381pt
* \evensidemargin=-1.1381pt
* \topmargin=-38.1381pt
* \headheight=12.0pt
* \headsep=25.0pt
* \topskip=12.0pt
* \footskip=30.0pt
* \marginparwidth=44.0pt
* \marginparsep=10.0pt
* \columnsep=10.0pt
* \skip\footins=10.8pt plus 4.0pt minus 2.0pt
* \hoffset=0.0pt
* \voffset=0.0pt
* \mag=1000
* \@twocolumnfalse
* \@twosidefalse
* \@mparswitchfalse
* \@reversemarginfalse
* (1in=72.27pt=25.4mm, 1cm=28.453pt)

(./input/titlepage.tex) Excluding 'screen' comment.
<input/images/gne.jpg, id=241, 160.6pt x 167.62625pt>
File: input/images/gne.jpg Graphic file (type jpg)

<use input/images/gne.jpg>
Package pdftex.def Info: input/images/gne.jpg used on input line 38.
(pdftex.def)             Requested size: 150.14671pt x 156.7195pt.
LaTeX Font Info:    Try loading font information for U+msa on input line 38.

(/usr/share/texlive/texmf-dist/tex/latex/amsfonts/umsa.fd
File: umsa.fd 2013/01/14 v3.01 AMS symbols A
)
LaTeX Font Info:    Try loading font information for U+msb on input line 38.

(/usr/share/texlive/texmf-dist/tex/latex/amsfonts/umsb.fd
File: umsb.fd 2013/01/14 v3.01 AMS symbols B
) [1

{/var/lib/texmf/fonts/map/pdftex/updmap/pdftex.map} <./input/images/gne.jpg>]
(./input/acknowledgement.tex
Underfull \hbox (badness 10000) in paragraph at lines 5--8

 []


Underfull \hbox (badness 10000) in paragraph at lines 9--11

 []


Underfull \hbox (badness 10000) in paragraph at lines 14--16

 []


Underfull \hbox (badness 10000) in paragraph at lines 17--20

 []

)

Package Fancyhdr Warning: \headheight is too small (12.0pt): 
 Make it at least 18.0pt.
 We now make it that large for the rest of the document.
 This may cause the page layout to be inconsistent, however.

[1] (./input/abstract.tex
Underfull \hbox (badness 10000) in paragraph at lines 5--6

 []


Underfull \hbox (badness 10000) in paragraph at lines 7--8

 []


Underfull \hbox (badness 10000) in paragraph at lines 9--10

 []


Underfull \hbox (badness 10000) in paragraph at lines 12--15

 []

)
Underfull \hbox (badness 10000) in paragraph at lines 16--47

 []


Package Fancyhdr Warning: \headheight is too small (12.0pt): 
 Make it at least 18.0pt.
 We now make it that large for the rest of the document.
 This may cause the page layout to be inconsistent, however.

[2] (./report.toc [3

])
\tf@toc=\write6
\openout6 = `report.toc'.



Package Fancyhdr Warning: \headheight is too small (12.0pt): 
 Make it at least 18.0pt.
 We now make it that large for the rest of the document.
 This may cause the page layout to be inconsistent, however.

[4] (./report.lof [5

])
\tf@lof=\write7
\openout7 = `report.lof'.



Package Fancyhdr Warning: \headheight is too small (12.0pt): 
 Make it at least 18.0pt.
 We now make it that large for the rest of the document.
 This may cause the page layout to be inconsistent, however.

[6]
Chapter 1.
(/home/amisha/gitt/6-weeks-report/input/company.tex
</home/amisha/gitt/6-weeks-report/input/images/gndec.jpg, id=411, 556.0775pt x 
470.75874pt>
File: /home/amisha/gitt/6-weeks-report/input/images/gndec.jpg Graphic file (typ
e jpg)
 <use /home/amisha/gitt/6-weeks-report/input/images/gndec.jpg>
Package pdftex.def Info: /home/amisha/gitt/6-weeks-report/input/images/gndec.jp
g used on input line 4.
(pdftex.def)             Requested size: 278.03807pt x 235.3788pt.

Overfull \hbox (16.7199pt too wide) in paragraph at lines 7--24
\OT1/cmr/m/n/12 the well main-tained sprawl-ing lawns all around. It has beau-t
i-ful build-ing for Col-lege,Hostels,Swimming
 []


Underfull \hbox (badness 10000) in paragraph at lines 7--24

 []

pdfTeX warning (ext4): destination with the same identifier (name{page.1}) has 
been already used, duplicate ignored
<to be read again> 
                   \relax 
l.24 \begin{itemize}
                     [1

pdfTeX warning (ext4): destination with the same identifier (name{figure.1.1}) 
has been already used, duplicate ignored

\AtBegShi@Output ...ipout \box \AtBeginShipoutBox 
                                                  \fi \fi 
l.24 \begin{itemize}
                     </home/amisha/gitt/6-weeks-report/input/images/gndec.jpg>]
LaTeX Font Info:    Try loading font information for OMS+cmr on input line 25.
(/usr/share/texlive/texmf-dist/tex/latex/base/omscmr.fd
File: omscmr.fd 2014/09/29 v2.5h Standard LaTeX font definitions
)
LaTeX Font Info:    Font shape `OMS/cmr/m/n' in size <12> not available
(Font)              Font shape `OMS/cmsy/m/n' tried instead on input line 25.

</home/amisha/gitt/6-weeks-report/input/images/aw.jpg, id=416, 500.87125pt x 23
2.87pt>
File: /home/amisha/gitt/6-weeks-report/input/images/aw.jpg Graphic file (type j
pg)
 <use /home/amisha/gitt/6-weeks-report/input/images/aw.jpg>
Package pdftex.def Info: /home/amisha/gitt/6-weeks-report/input/images/aw.jpg u
sed on input line 40.
(pdftex.def)             Requested size: 350.60747pt x 163.00787pt.


Package Fancyhdr Warning: \headheight is too small (12.0pt): 
 Make it at least 18.0pt.
 We now make it that large for the rest of the document.
 This may cause the page layout to be inconsistent, however.

[2pdfTeX warning (ext4): destination with the same identifier (name{figure.1.2}
) has been already used, duplicate ignored

\AtBegShi@Output ...ipout \box \AtBeginShipoutBox 
                                                  \fi \fi 
l.57 \item I
            ndian Oil Corporation Ltd. </home/amisha/gitt/6-weeks-report/input/
images/aw.jpg>])

Package Fancyhdr Warning: \headheight is too small (12.0pt): 
 Make it at least 18.0pt.
 We now make it that large for the rest of the document.
 This may cause the page layout to be inconsistent, however.

[3]
Chapter 2.
(./input/feasibitystudy.tex
Missing character: There is no ‚ in font cmr12!
Missing character: There is no Ä in font cmr12!
Missing character: There is no ù in font cmr12!
Missing character: There is no ‚ in font cmr12!
Missing character: There is no Ä in font cmr12!
Missing character: There is no ô in font cmr12!
 [4

]
Underfull \hbox (badness 10000) in paragraph at lines 69--70

 []


Underfull \hbox (badness 10000) in paragraph at lines 69--70

 []


Package Fancyhdr Warning: \headheight is too small (12.0pt): 
 Make it at least 18.0pt.
 We now make it that large for the rest of the document.
 This may cause the page layout to be inconsistent, however.

[5]
Underfull \hbox (badness 10000) in paragraph at lines 71--72

 []


Underfull \hbox (badness 10000) in paragraph at lines 71--72

 []


Underfull \hbox (badness 10000) in paragraph at lines 73--75

 []


Underfull \hbox (badness 10000) in paragraph at lines 85--86

 []


Package Fancyhdr Warning: \headheight is too small (12.0pt): 
 Make it at least 18.0pt.
 We now make it that large for the rest of the document.
 This may cause the page layout to be inconsistent, however.

[6]
Overfull \hbox (0.19136pt too wide) in paragraph at lines 107--108
[]\OT1/cmr/m/n/12 The project should be de-vel-oped such that the nec-es-sary f
unc-tions and per-for-mance are achieved
 []


Underfull \hbox (badness 10000) in paragraph at lines 112--113

 []


Underfull \hbox (badness 10000) in paragraph at lines 112--113

 []


Package Fancyhdr Warning: \headheight is too small (12.0pt): 
 Make it at least 18.0pt.
 We now make it that large for the rest of the document.
 This may cause the page layout to be inconsistent, however.

[7]
Underfull \hbox (badness 10000) in paragraph at lines 114--115

 []


Underfull \hbox (badness 10000) in paragraph at lines 114--115

 []


Underfull \hbox (badness 10000) in paragraph at lines 116--117

 []


Underfull \hbox (badness 10000) in paragraph at lines 116--117

 []


Package Fancyhdr Warning: \headheight is too small (12.0pt): 
 Make it at least 18.0pt.
 We now make it that large for the rest of the document.
 This may cause the page layout to be inconsistent, however.

[8]
Underfull \hbox (badness 10000) in paragraph at lines 135--136

 []


Underfull \hbox (badness 10000) in paragraph at lines 135--136

 []

Missing character: There is no ¬ in font cmr12!
Missing character: There is no † in font cmr12!

Underfull \hbox (badness 10000) in paragraph at lines 137--138

 []


Underfull \hbox (badness 10000) in paragraph at lines 137--138

 []


Underfull \hbox (badness 10000) in paragraph at lines 139--140

 []


Underfull \hbox (badness 10000) in paragraph at lines 139--140

 []


Package Fancyhdr Warning: \headheight is too small (12.0pt): 
 Make it at least 18.0pt.
 We now make it that large for the rest of the document.
 This may cause the page layout to be inconsistent, however.

[9])

Package Fancyhdr Warning: \headheight is too small (12.0pt): 
 Make it at least 18.0pt.
 We now make it that large for the rest of the document.
 This may cause the page layout to be inconsistent, however.

[10]
Chapter 3.
(./input/softreq.tex
Underfull \hbox (badness 10000) in paragraph at lines 3--4

 []


Underfull \hbox (badness 10000) in paragraph at lines 3--4

 []


Underfull \hbox (badness 10000) in paragraph at lines 5--6

 []


Underfull \hbox (badness 10000) in paragraph at lines 5--6

 []

) (./input/Soft.tex [11

]

Package Fancyhdr Warning: \headheight is too small (12.0pt): 
 Make it at least 18.0pt.
 We now make it that large for the rest of the document.
 This may cause the page layout to be inconsistent, however.

[12]) (./input/design.tex
</home/amisha/gitt/6-weeks-report/input/images/osmserv.png, id=504, 888.01762pt
 x 158.994pt>
File: /home/amisha/gitt/6-weeks-report/input/images/osmserv.png Graphic file (t
ype png)
 <use /home/amisha/gitt/6-weeks-report/input/images/osmserv.png>
Package pdftex.def Info: /home/amisha/gitt/6-weeks-report/input/images/osmserv.
png used on input line 6.
(pdftex.def)             Requested size: 532.81468pt x 95.39713pt.

Overfull \hbox (32.33069pt too wide) in paragraph at lines 6--7
 [][] 
 []


</home/amisha/gitt/6-weeks-report/input/images/fetch.jpg, id=505, 283.0575pt x 
408.77719pt>
File: /home/amisha/gitt/6-weeks-report/input/images/fetch.jpg Graphic file (typ
e jpg)
 <use /home/amisha/gitt/6-weeks-report/input/images/fetch.jpg>
Package pdftex.def Info: /home/amisha/gitt/6-weeks-report/input/images/fetch.jp
g used on input line 14.
(pdftex.def)             Requested size: 254.74937pt x 367.89606pt.


Package Fancyhdr Warning: \headheight is too small (12.0pt): 
 Make it at least 18.0pt.
 We now make it that large for the rest of the document.
 This may cause the page layout to be inconsistent, however.

[13pdfTeX warning (ext4): destination with the same identifier (name{figure.3.1
}) has been already used, duplicate ignored

\AtBegShi@Output ...ipout \box \AtBeginShipoutBox 
                                                  \fi \fi 
l.26 
      </home/amisha/gitt/6-weeks-report/input/images/osmserv.png (PNG copy)>]

Package Fancyhdr Warning: \headheight is too small (12.0pt): 
 Make it at least 18.0pt.
 We now make it that large for the rest of the document.
 This may cause the page layout to be inconsistent, however.

[14pdfTeX warning (ext4): destination with the same identifier (name{figure.3.2
}) has been already used, duplicate ignored

\AtBegShi@Output ...ipout \box \AtBeginShipoutBox 
                                                  \fi \fi 
l.61 \item L
            ibrary: Mapnik </home/amisha/gitt/6-weeks-report/input/images/fetch
.jpg>]
Underfull \hbox (badness 10000) in paragraph at lines 86--102

 []


Underfull \hbox (badness 10000) in paragraph at lines 86--102

 []


Underfull \hbox (badness 10000) in paragraph at lines 86--102

 []


Underfull \hbox (badness 10000) in paragraph at lines 86--102

 []


Underfull \hbox (badness 10000) in paragraph at lines 86--102

 []


Underfull \hbox (badness 10000) in paragraph at lines 86--102

 []


Package Fancyhdr Warning: \headheight is too small (12.0pt): 
 Make it at least 18.0pt.
 We now make it that large for the rest of the document.
 This may cause the page layout to be inconsistent, however.

[15])

Package Fancyhdr Warning: \headheight is too small (12.0pt): 
 Make it at least 18.0pt.
 We now make it that large for the rest of the document.
 This may cause the page layout to be inconsistent, however.

[16]
Chapter 4.
(./input/dev/languages.tex
<input/images/HTML.png, id=534, 2007.5pt x 2007.5pt>
File: input/images/HTML.png Graphic file (type png)

<use input/images/HTML.png>
Package pdftex.def Info: input/images/HTML.png used on input line 6.
(pdftex.def)             Requested size: 150.14671pt x 150.12715pt.
 [17

pdfTeX warning (ext4): destination with the same identifier (name{figure.4.1}) 
has been already used, duplicate ignored

\AtBegShi@Output ...ipout \box \AtBeginShipoutBox 
                                                  \fi \fi 
l.14 
      <./input/images/HTML.png>]
<input/images/CSS.jpg, id=541, 281.05pt x 250.9375pt>
File: input/images/CSS.jpg Graphic file (type jpg)

<use input/images/CSS.jpg>
Package pdftex.def Info: input/images/CSS.jpg used on input line 33.
(pdftex.def)             Requested size: 150.14671pt x 134.06068pt.


Package Fancyhdr Warning: \headheight is too small (12.0pt): 
 Make it at least 18.0pt.
 We now make it that large for the rest of the document.
 This may cause the page layout to be inconsistent, however.

[18pdfTeX warning (ext4): destination with the same identifier (name{figure.4.2
}) has been already used, duplicate ignored

\AtBegShi@Output ...ipout \box \AtBeginShipoutBox 
                                                  \fi \fi 
l.45     text-align: center;
                             <./input/images/CSS.jpg>]
<input/images/JS.png, id=548, 451.6875pt x 451.6875pt>
File: input/images/JS.png Graphic file (type png)

<use input/images/JS.png>
Package pdftex.def Info: input/images/JS.png used on input line 50.
(pdftex.def)             Requested size: 150.14671pt x 150.14629pt.
Missing character: There is no À in font cmr12!
Missing character: There is no à in font cmr12!
Missing character: There is no   in font cmr12!
Missing character: There is no í in font cmr12!
Missing character: There is no … in font cmr12!
Missing character: There is no ë in font cmr12!
Missing character: There is no À in font cmr12!
Missing character: There is no ê in font cmr12!
Missing character: There is no … in font cmr12!
Missing character: There is no ô in font cmr12!
Missing character: There is no À in font cmr12!
Missing character: There is no å in font cmr12!
Missing character: There is no … in font cmr12!
Missing character: There is no ™ in font cmr12!

<input/images/php.png, id=549, 310.15875pt x 163.61125pt>
File: input/images/php.png Graphic file (type png)

<use input/images/php.png>
Package pdftex.def Info: input/images/php.png used on input line 59.
(pdftex.def)             Requested size: 150.14671pt x 79.20155pt.


Package Fancyhdr Warning: \headheight is too small (12.0pt): 
 Make it at least 18.0pt.
 We now make it that large for the rest of the document.
 This may cause the page layout to be inconsistent, however.

[19pdfTeX warning (ext4): destination with the same identifier (name{figure.4.3
}) has been already used, duplicate ignored

\AtBegShi@Output ...ipout \box \AtBeginShipoutBox 
                                                  \fi \fi 
l.85 
     pdfTeX warning (ext4): destination with the same identifier (name{figure.4
.4}) has been already used, duplicate ignored

\AtBegShi@Output ...ipout \box \AtBeginShipoutBox 
                                                  \fi \fi 
l.85 
      <./input/images/JS.png> <./input/images/php.png>]
<input/images/cgs/hello.png, id=556, 451.6875pt x 253.94875pt>
File: input/images/cgs/hello.png Graphic file (type png)

<use input/images/cgs/hello.png>
Package pdftex.def Info: input/images/cgs/hello.png used on input line 101.
(pdftex.def)             Requested size: 300.29344pt x 168.84279pt.

<input/images/cgs/cm.png, id=557, 451.6875pt x 253.94875pt>
File: input/images/cgs/cm.png Graphic file (type png)

<use input/images/cgs/cm.png>
Package pdftex.def Info: input/images/cgs/cm.png used on input line 108.
(pdftex.def)             Requested size: 300.29344pt x 168.84279pt.


Package Fancyhdr Warning: \headheight is too small (12.0pt): 
 Make it at least 18.0pt.
 We now make it that large for the rest of the document.
 This may cause the page layout to be inconsistent, however.

[20pdfTeX warning (ext4): destination with the same identifier (name{figure.4.5
}) has been already used, duplicate ignored

\AtBegShi@Output ...ipout \box \AtBeginShipoutBox 
                                                  \fi \fi 
l.128 \item S
             ystem Administration part can be also automated. <./input/images/c
gs/hello.png (PNG copy)>]) (./input/techno-used.tex
(/home/amisha/gitt/6-weeks-report/input/tech/ubuntu.tex
<input/images/ubu.png, id=565, 268.00125pt x 189.70876pt>
File: input/images/ubu.png Graphic file (type png)

<use input/images/ubu.png>
Package pdftex.def Info: input/images/ubu.png used on input line 5.
(pdftex.def)             Requested size: 150.14671pt x 106.28249pt.

Underfull \hbox (badness 10000) in paragraph at lines 10--12

 []


Underfull \hbox (badness 10000) in paragraph at lines 13--14

 []


Package Fancyhdr Warning: \headheight is too small (12.0pt): 
 Make it at least 18.0pt.
 We now make it that large for the rest of the document.
 This may cause the page layout to be inconsistent, however.

[21pdfTeX warning (ext4): destination with the same identifier (name{figure.4.6
}) has been already used, duplicate ignored

\AtBegShi@Output ...ipout \box \AtBeginShipoutBox 
                                                  \fi \fi 
l.14 
     pdfTeX warning (ext4): destination with the same identifier (name{figure.4
.7}) has been already used, duplicate ignored

\AtBegShi@Output ...ipout \box \AtBeginShipoutBox 
                                                  \fi \fi 
l.14 
      <./input/images/cgs/cm.png (PNG copy)> <./input/images/ubu.png>])
(/home/amisha/gitt/6-weeks-report/input/tech/doxygen.tex
</home/amisha/gitt/6-weeks-report/input/images/doxygen.jpeg, id=573, 404.51125p
t x 125.46875pt>
File: /home/amisha/gitt/6-weeks-report/input/images/doxygen.jpeg Graphic file (
type jpg)

<use /home/amisha/gitt/6-weeks-report/input/images/doxygen.jpeg>
Package pdftex.def Info: /home/amisha/gitt/6-weeks-report/input/images/doxygen.
jpeg used on input line 3.
(pdftex.def)             Requested size: 404.51025pt x 125.46843pt.

Underfull \hbox (badness 10000) in paragraph at lines 12--16

 []


Underfull \hbox (badness 10000) in paragraph at lines 36--37

 []


Package Fancyhdr Warning: \headheight is too small (12.0pt): 
 Make it at least 18.0pt.
 We now make it that large for the rest of the document.
 This may cause the page layout to be inconsistent, however.

[22pdfTeX warning (ext4): destination with the same identifier (name{figure.4.8
}) has been already used, duplicate ignored

\AtBegShi@Output ...ipout \box \AtBeginShipoutBox 
                                                  \fi \fi 
l.38 \hspace{4pt}
                  \$ git clone https://github.com/doxygen/doxygen.git </home/am
isha/gitt/6-weeks-report/input/images/doxygen.jpeg>])
(/home/amisha/gitt/6-weeks-report/input/tech/latex.tex
<input/images/donald.png, id=579, 170.88844pt x 237.13594pt>
File: input/images/donald.png Graphic file (type png)

<use input/images/donald.png>
Package pdftex.def Info: input/images/donald.png used on input line 12.
(pdftex.def)             Requested size: 150.14671pt x 208.36908pt.


Package Fancyhdr Warning: \headheight is too small (12.0pt): 
 Make it at least 18.0pt.
 We now make it that large for the rest of the document.
 This may cause the page layout to be inconsistent, however.

[23pdfTeX warning (ext4): destination with the same identifier (name{figure.4.9
}) has been already used, duplicate ignored

\AtBegShi@Output ...ipout \box \AtBeginShipoutBox 
                                                  \fi \fi 
l.40 
      <./input/images/donald.png>]
<input/images/la.png, id=584, 1371.1225pt x 770.88pt>
File: input/images/la.png Graphic file (type png)

<use input/images/la.png>
Package pdftex.def Info: input/images/la.png used on input line 64.
(pdftex.def)             Requested size: 350.33727pt x 196.96585pt.
) (/home/amisha/gitt/6-weeks-report/input/tech/git.tex
</home/amisha/gitt/6-weeks-report/input/images/github.jpg, id=585, 401.5pt x 30
1.125pt>
File: /home/amisha/gitt/6-weeks-report/input/images/github.jpg Graphic file (ty
pe jpg)
 <use /home/amisha/gitt/6-weeks-report/input/images/github.jpg>
Package pdftex.def Info: /home/amisha/gitt/6-weeks-report/input/images/github.j
pg used on input line 5.
(pdftex.def)             Requested size: 150.14671pt x 112.61374pt.

Underfull \hbox (badness 10000) in paragraph at lines 9--11

 []


Underfull \hbox (badness 10000) in paragraph at lines 12--13

 []


Package Fancyhdr Warning: \headheight is too small (12.0pt): 
 Make it at least 18.0pt.
 We now make it that large for the rest of the document.
 This may cause the page layout to be inconsistent, however.

[24pdfTeX warning (ext4): destination with the same identifier (name{figure.4.1
0}) has been already used, duplicate ignored

\AtBegShi@Output ...ipout \box \AtBeginShipoutBox 
                                                  \fi \fi 
l.13 
      <./input/images/la.png>]
Underfull \hbox (badness 10000) in paragraph at lines 14--15

 []


Underfull \hbox (badness 10000) in paragraph at lines 16--23

 []


Underfull \hbox (badness 10000) in paragraph at lines 16--23

 []

Missing character: There is no ‚ in font cmr12!
Missing character: There is no Ä in font cmr12!
Missing character: There is no î in font cmr12!

Underfull \hbox (badness 10000) in paragraph at lines 40--49

 []


Package Fancyhdr Warning: \headheight is too small (12.0pt): 
 Make it at least 18.0pt.
 We now make it that large for the rest of the document.
 This may cause the page layout to be inconsistent, however.

[25pdfTeX warning (ext4): destination with the same identifier (name{figure.4.1
1}) has been already used, duplicate ignored

\AtBegShi@Output ...ipout \box \AtBeginShipoutBox 
                                                  \fi \fi 
l.49 
      </home/amisha/gitt/6-weeks-report/input/images/github.jpg>]
</home/amisha/gitt/6-weeks-report/input/images/git.jpg, id=595, 219.95218pt x 2
19.95218pt>
File: /home/amisha/gitt/6-weeks-report/input/images/git.jpg Graphic file (type 
jpg)
 <use /home/amisha/gitt/6-weeks-report/input/images/git.jpg>
Package pdftex.def Info: /home/amisha/gitt/6-weeks-report/input/images/git.jpg 
used on input line 53.
(pdftex.def)             Requested size: 150.14671pt x 150.15617pt.

Underfull \hbox (badness 10000) in paragraph at lines 57--58

 []

Missing character: There is no ‚ in font cmr12!
Missing character: There is no Ä in font cmr12!
Missing character: There is no ì in font cmr12!

Underfull \hbox (badness 10000) in paragraph at lines 59--60

 []


Underfull \hbox (badness 10000) in paragraph at lines 61--62

 []


Underfull \hbox (badness 10000) in paragraph at lines 65--72

 []


Underfull \hbox (badness 10000) in paragraph at lines 65--72

 []


Underfull \hbox (badness 10000) in paragraph at lines 65--72

 []


Package Fancyhdr Warning: \headheight is too small (12.0pt): 
 Make it at least 18.0pt.
 We now make it that large for the rest of the document.
 This may cause the page layout to be inconsistent, however.

[26pdfTeX warning (ext4): destination with the same identifier (name{figure.4.1
2}) has been already used, duplicate ignored

\AtBegShi@Output ...ipout \box \AtBeginShipoutBox 
                                                  \fi \fi 
l.72 
      </home/amisha/gitt/6-weeks-report/input/images/git.jpg>]
Underfull \hbox (badness 10000) in paragraph at lines 75--76

 []


Underfull \hbox (badness 10000) in paragraph at lines 84--86

 []


Underfull \hbox (badness 10000) in paragraph at lines 104--106

 []


Underfull \hbox (badness 10000) in paragraph at lines 124--126

 []


Package Fancyhdr Warning: \headheight is too small (12.0pt): 
 Make it at least 18.0pt.
 We now make it that large for the rest of the document.
 This may cause the page layout to be inconsistent, however.

[27]
Missing character: There is no ‚ in font cmr12!
Missing character: There is no Ä in font cmr12!
Missing character: There is no ô in font cmr12!
) (/home/amisha/gitt/6-weeks-report/input/tech/reveal.tex
<input/images/reveal.png, id=605, 269.005pt x 112.42pt>
File: input/images/reveal.png Graphic file (type png)

<use input/images/reveal.png>
Package pdftex.def Info: input/images/reveal.png used on input line 4.
(pdftex.def)             Requested size: 150.14671pt x 62.74721pt.

Underfull \hbox (badness 10000) in paragraph at lines 8--15

 []


Underfull \hbox (badness 10000) in paragraph at lines 16--23

 []


Underfull \hbox (badness 10000) in paragraph at lines 16--23

 []


Underfull \hbox (badness 10000) in paragraph at lines 16--23

 []


Underfull \hbox (badness 10000) in paragraph at lines 16--23

 []


Package Fancyhdr Warning: \headheight is too small (12.0pt): 
 Make it at least 18.0pt.
 We now make it that large for the rest of the document.
 This may cause the page layout to be inconsistent, however.

[28pdfTeX warning (ext4): destination with the same identifier (name{figure.4.1
3}) has been already used, duplicate ignored

\AtBegShi@Output ...ipout \box \AtBeginShipoutBox 
                                                  \fi \fi 
l.23 
      <./input/images/reveal.png>])
(/home/amisha/gitt/6-weeks-report/input/tech/exp.tex
<input/images/ser.png, id=611, 451.6875pt x 451.6875pt>
File: input/images/ser.png Graphic file (type png)

<use input/images/ser.png>
Package pdftex.def Info: input/images/ser.png used on input line 4.
(pdftex.def)             Requested size: 150.14671pt x 150.14629pt.
Missing character: There is no ‚ in font cmr12!
Missing character: There is no Ä in font cmr12!
Missing character: There is no ô in font cmr12!

Underfull \hbox (badness 10000) in paragraph at lines 8--13

 []


Package Fancyhdr Warning: \headheight is too small (12.0pt): 
 Make it at least 18.0pt.
 We now make it that large for the rest of the document.
 This may cause the page layout to be inconsistent, however.

[29pdfTeX warning (ext4): destination with the same identifier (name{figure.4.1
4}) has been already used, duplicate ignored

\AtBegShi@Output ...ipout \box \AtBeginShipoutBox 
                                                  \fi \fi 
l.19 \end{itemize}
                   <./input/images/ser.png>]
Underfull \hbox (badness 10000) in paragraph at lines 21--24

 []


Underfull \hbox (badness 10000) in paragraph at lines 21--24

 []

) (/home/amisha/gitt/6-weeks-report/input/tech/cgs.tex

Package Fancyhdr Warning: \headheight is too small (12.0pt): 
 Make it at least 18.0pt.
 We now make it that large for the rest of the document.
 This may cause the page layout to be inconsistent, however.

[30] <input/images/cgs/cgs1.png, id=622, 1371.1225pt x 770.88pt>
File: input/images/cgs/cgs1.png Graphic file (type png)

<use input/images/cgs/cgs1.png>
Package pdftex.def Info: input/images/cgs/cgs1.png used on input line 29.
(pdftex.def)             Requested size: 350.33727pt x 196.96585pt.

<input/images/cgs/cgs2.png, id=623, 1306.8825pt x 629.35126pt>
File: input/images/cgs/cgs2.png Graphic file (type png)

<use input/images/cgs/cgs2.png>
Package pdftex.def Info: input/images/cgs/cgs2.png used on input line 43.
(pdftex.def)             Requested size: 350.33727pt x 168.7075pt.

<input/images/cgs/cgs3.png, id=624, 1302.8675pt x 503.8825pt>
File: input/images/cgs/cgs3.png Graphic file (type png)

<use input/images/cgs/cgs3.png>
Package pdftex.def Info: input/images/cgs/cgs3.png used on input line 57.
(pdftex.def)             Requested size: 350.33727pt x 135.48882pt.


Package Fancyhdr Warning: \headheight is too small (12.0pt): 
 Make it at least 18.0pt.
 We now make it that large for the rest of the document.
 This may cause the page layout to be inconsistent, however.

[31pdfTeX warning (ext4): destination with the same identifier (name{figure.4.1
5}) has been already used, duplicate ignored

\AtBegShi@Output ...ipout \box \AtBeginShipoutBox 
                                                  \fi \fi 
l.68     N
          ext you will be displayed your selected image and a selection box.pdf
TeX warning (ext4): destination with the same identifier (name{figure.4.16}) ha
s been already used, duplicate ignored

\AtBegShi@Output ...ipout \box \AtBeginShipoutBox 
                                                  \fi \fi 
l.68     N
          ext you will be displayed your selected image and a selection box. <.
/input/images/cgs/cgs1.png> <./input/images/cgs/cgs2.png>]
<input/images/cgs/cgs4.png, id=629, 1300.86pt x 584.1825pt>
File: input/images/cgs/cgs4.png Graphic file (type png)

<use input/images/cgs/cgs4.png>
Package pdftex.def Info: input/images/cgs/cgs4.png used on input line 72.
(pdftex.def)             Requested size: 350.33727pt x 157.32133pt.

<input/images/cgs/cgs5.png, id=630, 1304.875pt x 601.24625pt>
File: input/images/cgs/cgs5.png Graphic file (type png)

<use input/images/cgs/cgs5.png>
Package pdftex.def Info: input/images/cgs/cgs5.png used on input line 81.
(pdftex.def)             Requested size: 350.33727pt x 161.42122pt.


Package Fancyhdr Warning: \headheight is too small (12.0pt): 
 Make it at least 18.0pt.
 We now make it that large for the rest of the document.
 This may cause the page layout to be inconsistent, however.

[32pdfTeX warning (ext4): destination with the same identifier (name{figure.4.1
7}) has been already used, duplicate ignored

\AtBegShi@Output ...ipout \box \AtBeginShipoutBox 
                                                  \fi \fi 
l.88     T
          hats it your certificate is generated and can be downloaded in two...
pdfTeX warning (ext4): destination with the same identifier (name{figure.4.18})
 has been already used, duplicate ignored

\AtBegShi@Output ...ipout \box \AtBeginShipoutBox 
                                                  \fi \fi 
l.88     T
          hats it your certificate is generated and can be downloaded in two...
pdfTeX warning (ext4): destination with the same identifier (name{figure.4.19})
 has been already used, duplicate ignored

\AtBegShi@Output ...ipout \box \AtBeginShipoutBox 
                                                  \fi \fi 
l.88     T
          hats it your certificate is generated and can be downloaded in two...
 <./input/images/cgs/cgs3.png> <./input/images/cgs/cgs4.png> <./input/images/cg
s/cgs5.png>] <input/images/cgs/cgs6.png, id=635, 1304.875pt x 489.83pt>
File: input/images/cgs/cgs6.png Graphic file (type png)

<use input/images/cgs/cgs6.png>
Package pdftex.def Info: input/images/cgs/cgs6.png used on input line 96.
(pdftex.def)             Requested size: 350.33727pt x 131.50844pt.

<input/images/cgs/cgs8.png, id=636, 1247.66125pt x 722.7pt>
File: input/images/cgs/cgs8.png Graphic file (type png)

<use input/images/cgs/cgs8.png>
Package pdftex.def Info: input/images/cgs/cgs8.png used on input line 103.
(pdftex.def)             Requested size: 350.33727pt x 202.92804pt.

! Misplaced alignment tab character &.
l.111     with same design &
                             institute details and different Candidate Details.

? 
File: input/images/cgs/cgs3.png Graphic file (type png)
<use input/images/cgs/cgs3.png>
Package pdftex.def Info: input/images/cgs/cgs3.png used on input line 121.
(pdftex.def)             Requested size: 350.33727pt x 135.48882pt.

<input/images/cgs/cgs9.png, id=637, 1305.87875pt x 674.52pt>
File: input/images/cgs/cgs9.png Graphic file (type png)

<use input/images/cgs/cgs9.png>
Package pdftex.def Info: input/images/cgs/cgs9.png used on input line 133.
(pdftex.def)             Requested size: 350.33727pt x 180.94951pt.


Package Fancyhdr Warning: \headheight is too small (12.0pt): 
 Make it at least 18.0pt.
 We now make it that large for the rest of the document.
 This may cause the page layout to be inconsistent, however.

[33pdfTeX warning (ext4): destination with the same identifier (name{figure.4.2
0}) has been already used, duplicate ignored

\AtBegShi@Output ...ipout \box \AtBeginShipoutBox 
                                                  \fi \fi 
l.143 -
       > odt ('O'penOffice 'D'ocument 'T'ext)pdfTeX warning (ext4): destination
 with the same identifier (name{figure.4.21}) has been already used, duplicate 
ignored

\AtBegShi@Output ...ipout \box \AtBeginShipoutBox 
                                                  \fi \fi 
l.143 -
       > odt ('O'penOffice 'D'ocument 'T'ext) <./input/images/cgs/cgs6.png> <./
input/images/cgs/cgs8.png>]
<input/images/cgs/cgs14.png, id=642, 1246.6575pt x 723.70375pt>
File: input/images/cgs/cgs14.png Graphic file (type png)

<use input/images/cgs/cgs14.png>
Package pdftex.def Info: input/images/cgs/cgs14.png used on input line 148.
(pdftex.def)             Requested size: 350.33727pt x 203.37553pt.
)
(/home/amisha/gitt/6-weeks-report/input/tech/osm1.tex
</home/amisha/gitt/6-weeks-report/input/images/index.jpeg, id=643, 225.84375pt 
x 225.84375pt>
File: /home/amisha/gitt/6-weeks-report/input/images/index.jpeg Graphic file (ty
pe jpg)
 <use /home/amisha/gitt/6-weeks-report/input/images/index.jpeg>
Package pdftex.def Info: /home/amisha/gitt/6-weeks-report/input/images/index.jp
eg used on input line 5.
(pdftex.def)             Requested size: 135.50728pt x 135.50728pt.

<input/images/index.png, id=644, 238.8925pt x 211.79124pt>
File: input/images/index.png Graphic file (type png)

<use input/images/index.png>
Package pdftex.def Info: input/images/index.png used on input line 15.
(pdftex.def)             Requested size: 200.19054pt x 177.48007pt.


Package Fancyhdr Warning: \headheight is too small (12.0pt): 
 Make it at least 18.0pt.
 We now make it that large for the rest of the document.
 This may cause the page layout to be inconsistent, however.

[34pdfTeX warning (ext4): destination with the same identifier (name{figure.4.2
2}) has been already used, duplicate ignored

\AtBegShi@Output ...ipout \box \AtBeginShipoutBox 
                                                  \fi \fi 
l.19 
     pdfTeX warning (ext4): destination with the same identifier (name{figure.4
.23}) has been already used, duplicate ignored

\AtBegShi@Output ...ipout \box \AtBeginShipoutBox 
                                                  \fi \fi 
l.19 
      <./input/images/cgs/cgs9.png>]
Underfull \hbox (badness 10000) in paragraph at lines 22--25

 []

Missing character: There is no ‚ in font cmr12!
Missing character: There is no Ä in font cmr12!
Missing character: There is no ò in font cmr12!
Missing character: There is no ‚ in font cmr12!
Missing character: There is no Ä in font cmr12!
Missing character: There is no ô in font cmr12!
<input/images/bright.jpeg, id=649, 380.42125pt x 133.49875pt>
File: input/images/bright.jpeg Graphic file (type jpg)

<use input/images/bright.jpeg>
Package pdftex.def Info: input/images/bright.jpeg used on input line 32.
(pdftex.def)             Requested size: 350.33727pt x 122.94456pt.


Package Fancyhdr Warning: \headheight is too small (12.0pt): 
 Make it at least 18.0pt.
 We now make it that large for the rest of the document.
 This may cause the page layout to be inconsistent, however.

[35pdfTeX warning (ext4): destination with the same identifier (name{figure.4.2
4}) has been already used, duplicate ignored

\AtBegShi@Output ...ipout \box \AtBeginShipoutBox 
                                                  \fi \fi 
l.36 
     pdfTeX warning (ext4): destination with the same identifier (name{figure.4
.25}) has been already used, duplicate ignored

\AtBegShi@Output ...ipout \box \AtBeginShipoutBox 
                                                  \fi \fi 
l.36 
      <./input/images/cgs/cgs14.png> </home/amisha/gitt/6-weeks-report/input/im
ages/index.jpeg>]
Underfull \hbox (badness 10000) in paragraph at lines 40--42

 []


Package Fancyhdr Warning: \headheight is too small (12.0pt): 
 Make it at least 18.0pt.
 We now make it that large for the rest of the document.
 This may cause the page layout to be inconsistent, however.

[36pdfTeX warning (ext4): destination with the same identifier (name{figure.4.2
6}) has been already used, duplicate ignored

\AtBegShi@Output ...ipout \box \AtBeginShipoutBox 
                                                  \fi \fi 
l.42 \subsection
                {OpenLayer.js}pdfTeX warning (ext4): destination with the same 
identifier (name{figure.4.27}) has been already used, duplicate ignored

\AtBegShi@Output ...ipout \box \AtBeginShipoutBox 
                                                  \fi \fi 
l.42 \subsection
                {OpenLayer.js} <./input/images/index.png> <./input/images/brigh
t.jpeg>]
Underfull \hbox (badness 10000) in paragraph at lines 43--44

 []

Missing character: There is no ‚ in font cmr12!
Missing character: There is no Ä in font cmr12!
Missing character: There is no ô in font cmr12!
)) (./input/tech/impl.tex
Underfull \hbox (badness 10000) in paragraph at lines 45--1

 []


</home/amisha/gitt/6-weeks-report/input/images/osm7.png, id=660, 657.45625pt x 
370.38374pt>
File: /home/amisha/gitt/6-weeks-report/input/images/osm7.png Graphic file (type
 png)
 <use /home/amisha/gitt/6-weeks-report/input/images/osm7.png>
Package pdftex.def Info: /home/amisha/gitt/6-weeks-report/input/images/osm7.png
 used on input line 9.
(pdftex.def)             Requested size: 350.33727pt x 197.37059pt.

</home/amisha/gitt/6-weeks-report/input/images/osm5.png, id=661, 1306.8825pt x 
743.77875pt>
File: /home/amisha/gitt/6-weeks-report/input/images/osm5.png Graphic file (type
 png)
 <use /home/amisha/gitt/6-weeks-report/input/images/osm5.png>
Package pdftex.def Info: /home/amisha/gitt/6-weeks-report/input/images/osm5.png
 used on input line 16.
(pdftex.def)             Requested size: 350.33727pt x 199.3816pt.


Package Fancyhdr Warning: \headheight is too small (12.0pt): 
 Make it at least 18.0pt.
 We now make it that large for the rest of the document.
 This may cause the page layout to be inconsistent, however.

[37pdfTeX warning (ext4): destination with the same identifier (name{figure.4.2
8}) has been already used, duplicate ignored

\AtBegShi@Output ...ipout \box \AtBeginShipoutBox 
                                                  \fi \fi 
l.19 
      </home/amisha/gitt/6-weeks-report/input/images/osm7.png>]
</home/amisha/gitt/6-weeks-report/input/images/osm2.png, id=666, 1304.875pt x 5
33.995pt>
File: /home/amisha/gitt/6-weeks-report/input/images/osm2.png Graphic file (type
 png)
 <use /home/amisha/gitt/6-weeks-report/input/images/osm2.png>
Package pdftex.def Info: /home/amisha/gitt/6-weeks-report/input/images/osm2.png
 used on input line 23.
(pdftex.def)             Requested size: 350.33727pt x 143.36577pt.

</home/amisha/gitt/6-weeks-report/input/images/osm3.png, id=667, 1301.86375pt x
 386.44376pt>
File: /home/amisha/gitt/6-weeks-report/input/images/osm3.png Graphic file (type
 png)
 <use /home/amisha/gitt/6-weeks-report/input/images/osm3.png>
Package pdftex.def Info: /home/amisha/gitt/6-weeks-report/input/images/osm3.png
 used on input line 28.
(pdftex.def)             Requested size: 350.33727pt x 103.9933pt.


Package Fancyhdr Warning: \headheight is too small (12.0pt): 
 Make it at least 18.0pt.
 We now make it that large for the rest of the document.
 This may cause the page layout to be inconsistent, however.

[38pdfTeX warning (ext4): destination with the same identifier (name{figure.4.2
9}) has been already used, duplicate ignored

\AtBegShi@Output ...ipout \box \AtBeginShipoutBox 
                                                  \fi \fi 
l.36 \item P
            hase VI (Insert Pop up Menu and Icons) -: \\pdfTeX warning (ext4): 
destination with the same identifier (name{figure.4.30}) has been already used,
 duplicate ignored

\AtBegShi@Output ...ipout \box \AtBeginShipoutBox 
                                                  \fi \fi 
l.36 \item P
            hase VI (Insert Pop up Menu and Icons) -: \\ </home/amisha/gitt/6-w
eeks-report/input/images/osm5.png> </home/amisha/gitt/6-weeks-report/input/imag
es/osm2.png>]
</home/amisha/gitt/6-weeks-report/input/images/osm1.png, id=672, 1308.89pt x 74
2.775pt>
File: /home/amisha/gitt/6-weeks-report/input/images/osm1.png Graphic file (type
 png)
 <use /home/amisha/gitt/6-weeks-report/input/images/osm1.png>
Package pdftex.def Info: /home/amisha/gitt/6-weeks-report/input/images/osm1.png
 used on input line 39.
(pdftex.def)             Requested size: 350.33727pt x 198.80652pt.

</home/amisha/gitt/6-weeks-report/input/images/osm8.png, id=673, 1302.8675pt x 
743.77875pt>
File: /home/amisha/gitt/6-weeks-report/input/images/osm8.png Graphic file (type
 png)
 <use /home/amisha/gitt/6-weeks-report/input/images/osm8.png>
Package pdftex.def Info: /home/amisha/gitt/6-weeks-report/input/images/osm8.png
 used on input line 45.
(pdftex.def)             Requested size: 350.33727pt x 199.99446pt.

Overfull \hbox (3.66498pt too wide) in paragraph at lines 48--51
\OT1/cmr/m/n/12 During fi-nal phase, we doc-u-mented the project( de-vel-op-ers
 doc-u-men-ta-tion and README.md)
 []

) (./input/tech/test.tex

Package Fancyhdr Warning: \headheight is too small (12.0pt): 
 Make it at least 18.0pt.
 We now make it that large for the rest of the document.
 This may cause the page layout to be inconsistent, however.

[39pdfTeX warning (ext4): destination with the same identifier (name{figure.4.3
1}) has been already used, duplicate ignored

\AtBegShi@Output ...ipout \box \AtBeginShipoutBox 
                                                  \fi \fi 
l.5 
    pdfTeX warning (ext4): destination with the same identifier (name{figure.4.
32}) has been already used, duplicate ignored

\AtBegShi@Output ...ipout \box \AtBeginShipoutBox 
                                                  \fi \fi 
l.5 
     </home/amisha/gitt/6-weeks-report/input/images/osm3.png> </home/amisha/git
t/6-weeks-report/input/images/osm1.png>])

Package Fancyhdr Warning: \headheight is too small (12.0pt): 
 Make it at least 18.0pt.
 We now make it that large for the rest of the document.
 This may cause the page layout to be inconsistent, however.

[40pdfTeX warning (ext4): destination with the same identifier (name{figure.4.3
3}) has been already used, duplicate ignored

\AtBegShi@Output ...ipout \box \AtBeginShipoutBox 
                                                  \fi \fi 
l.91 \chapter
             {Conclusion and Future Scope} </home/amisha/gitt/6-weeks-report/in
put/images/osm8.png>]
Chapter 5.
(./input/Conclusion/conclusion.tex
Underfull \hbox (badness 10000) in paragraph at lines 2--5

 []


Underfull \hbox (badness 10000) in paragraph at lines 2--5

 []

) (./input/legacy.tex [41

]) (./input/Conclusion/future.tex)
(./input/Conclusion/bibliography.tex

Package Fancyhdr Warning: \headheight is too small (12.0pt): 
 Make it at least 18.0pt.
 We now make it that large for the rest of the document.
 This may cause the page layout to be inconsistent, however.

[42]
Underfull \hbox (badness 1127) in paragraph at lines 3--4
[]\OT1/cmr/m/n/12 L[]T[]X Be-gin-ner's Guide By Ste-fan Kot-twitz, https://www.
packtpub.com/hardware-and-
 []


Underfull \hbox (badness 2556) in paragraph at lines 5--6
[]\OT1/cmr/m/n/12 Installation Guide, https://switch2osm.org/serving-tiles/manu
ally-building-a-tile-server-14-
 []

) 
AED: lastpage setting LastPage
[43

pdfTeX warning (ext4): destination with the same identifier (name{cite.}) has b
een already used, duplicate ignored

\AtBegShi@Output ...ipout \box \AtBeginShipoutBox 
                                                  \fi \fi 
l.97 \end{document}
                   pdfTeX warning (ext4): destination with the same identifier 
(name{cite.}) has been already used, duplicate ignored

\AtBegShi@Output ...ipout \box \AtBeginShipoutBox 
                                                  \fi \fi 
l.97 \end{document}
                   pdfTeX warning (ext4): destination with the same identifier 
(name{cite.}) has been already used, duplicate ignored

\AtBegShi@Output ...ipout \box \AtBeginShipoutBox 
                                                  \fi \fi 
l.97 \end{document}
                   pdfTeX warning (ext4): destination with the same identifier 
(name{cite.}) has been already used, duplicate ignored

\AtBegShi@Output ...ipout \box \AtBeginShipoutBox 
                                                  \fi \fi 
l.97 \end{document}
                   pdfTeX warning (ext4): destination with the same identifier 
(name{cite.}) has been already used, duplicate ignored

\AtBegShi@Output ...ipout \box \AtBeginShipoutBox 
                                                  \fi \fi 
l.97 \end{document}
                   pdfTeX warning (ext4): destination with the same identifier 
(name{cite.}) has been already used, duplicate ignored

\AtBegShi@Output ...ipout \box \AtBeginShipoutBox 
                                                  \fi \fi 
l.97 \end{document}
                   pdfTeX warning (ext4): destination with the same identifier 
(name{cite.}) has been already used, duplicate ignored

\AtBegShi@Output ...ipout \box \AtBeginShipoutBox 
                                                  \fi \fi 
l.97 \end{document}
                   pdfTeX warning (ext4): destination with the same identifier 
(name{cite.}) has been already used, duplicate ignored

\AtBegShi@Output ...ipout \box \AtBeginShipoutBox 
                                                  \fi \fi 
l.97 \end{document}
                   pdfTeX warning (ext4): destination with the same identifier 
(name{cite.}) has been already used, duplicate ignored

\AtBegShi@Output ...ipout \box \AtBeginShipoutBox 
                                                  \fi \fi 
l.97 \end{document}
                   pdfTeX warning (ext4): destination with the same identifier 
(name{cite.}) has been already used, duplicate ignored

\AtBegShi@Output ...ipout \box \AtBeginShipoutBox 
                                                  \fi \fi 
l.97 \end{document}
                   pdfTeX warning (ext4): destination with the same identifier 
(name{cite.}) has been already used, duplicate ignored

\AtBegShi@Output ...ipout \box \AtBeginShipoutBox 
                                                  \fi \fi 
l.97 \end{document}
                   ]
Package atveryend Info: Empty hook `BeforeClearDocument' on input line 97.
Package atveryend Info: Empty hook `AfterLastShipout' on input line 97.
 (./report.aux)
Package atveryend Info: Executing hook `AtVeryEndDocument' on input line 97.
Package atveryend Info: Executing hook `AtEndAfterFileList' on input line 97.
Package rerunfilecheck Info: File `report.out' has not changed.
(rerunfilecheck)             Checksum: DD7FB2157BB54EF6D4DB4165FBDFAE13;4026.


LaTeX Warning: There were multiply-defined labels.

Package atveryend Info: Empty hook `AtVeryVeryEnd' on input line 97.
 )
(\end occurred inside a group at level 1)

### simple group (level 1) entered at line 6 ({)
### bottom level 
Here is how much of TeX's memory you used:
 7613 strings out of 493085
 112281 string characters out of 6136917
 295714 words of memory out of 5000000
 10683 multiletter control sequences out of 15000+600000
 14132 words of font info for 53 fonts, out of 8000000 for 9000
 1141 hyphenation exceptions out of 8191
 36i,12n,43p,1151b,464s stack positions out of 5000i,500n,10000p,200000b,80000s
</usr/share/texlive/texmf-dist/fonts/type1/public/amsfonts/cm/c
mbx12.pfb></usr/share/texlive/texmf-dist/fonts/type1/public/amsfonts/cm/cmr12.p
fb></usr/share/texlive/texmf-dist/fonts/type1/public/amsfonts/cm/cmr17.pfb></us
r/share/texlive/texmf-dist/fonts/type1/public/amsfonts/cm/cmr8.pfb></usr/share/
texlive/texmf-dist/fonts/type1/public/amsfonts/cm/cmsl12.pfb></usr/share/texliv
e/texmf-dist/fonts/type1/public/amsfonts/cm/cmss17.pfb></usr/share/texlive/texm
f-dist/fonts/type1/public/amsfonts/cm/cmsy10.pfb></usr/share/texlive/texmf-dist
/fonts/type1/public/amsfonts/cm/cmti12.pfb></usr/share/texlive/texmf-dist/fonts
/type1/public/amsfonts/cm/cmtt12.pfb>
Output written on report.pdf (50 pages, 4477388 bytes).
PDF statistics:
 778 PDF objects out of 1000 (max. 8388607)
 666 compressed objects within 7 object streams
 207 named destinations out of 1000 (max. 500000)
 658 words of extra memory for PDF output out of 10000 (max. 10000000)

