\BOOKMARK [0][]{chapter.1}{Introduction To Organisation}{}% 1
\BOOKMARK [1][]{section.1.1}{Testing and Consutancy Cell}{chapter.1}% 2
\BOOKMARK [0][]{chapter.2}{Requirement Analysis and System Specification}{}% 3
\BOOKMARK [1][]{section.2.1}{Feasibility Study}{chapter.2}% 4
\BOOKMARK [2][]{subsection.2.1.1}{Types of Feasibility}{section.2.1}% 5
\BOOKMARK [3][]{subsubsection.2.1.1.1}{Technical Feasibility}{subsection.2.1.1}% 6
\BOOKMARK [3][]{subsubsection.2.1.1.2}{Economic Feasibility}{subsection.2.1.1}% 7
\BOOKMARK [3][]{subsubsection.2.1.1.3}{Behavioral Feasibility}{subsection.2.1.1}% 8
\BOOKMARK [1][]{section.2.2}{Software Requirement Analysis}{chapter.2}% 9
\BOOKMARK [1][]{section.2.3}{Software Requirement Analysis}{chapter.2}% 10
\BOOKMARK [2][]{subsection.2.3.1}{Functional Requirements}{section.2.3}% 11
\BOOKMARK [2][]{subsection.2.3.2}{Non functional requirements}{section.2.3}% 12
\BOOKMARK [1][]{section.2.4}{Problem Formulation}{chapter.2}% 13
\BOOKMARK [1][]{section.2.5}{Feasibility Study}{chapter.2}% 14
\BOOKMARK [2][]{subsection.2.5.1}{Operational Feasibility}{section.2.5}% 15
\BOOKMARK [2][]{subsection.2.5.2}{Technical Feasibility}{section.2.5}% 16
\BOOKMARK [2][]{subsection.2.5.3}{Economic Feasibility}{section.2.5}% 17
\BOOKMARK [1][]{section.2.6}{Facilities required for proposed work}{chapter.2}% 18
\BOOKMARK [2][]{subsection.2.6.1}{Hardware Requirements}{section.2.6}% 19
\BOOKMARK [2][]{subsection.2.6.2}{Software Requirements}{section.2.6}% 20
\BOOKMARK [1][]{section.2.7}{Methodology}{chapter.2}% 21
\BOOKMARK [1][]{section.2.8}{Project Work}{chapter.2}% 22
\BOOKMARK [1][]{section.2.9}{Ubuntu: An open source OS}{chapter.2}% 23
\BOOKMARK [2][]{subsection.2.9.1}{Features of Doxygen}{section.2.9}% 24
\BOOKMARK [2][]{subsection.2.9.2}{Installation of Doxygen}{section.2.9}% 25
\BOOKMARK [1][]{section.2.10}{Introduction to LaTeX}{chapter.2}% 26
\BOOKMARK [2][]{subsection.2.10.1}{Typesetting}{section.2.10}% 27
\BOOKMARK [1][]{section.2.11}{Introduction to Github}{chapter.2}% 28
\BOOKMARK [2][]{subsection.2.11.1}{What is Git?}{section.2.11}% 29
\BOOKMARK [2][]{subsection.2.11.2}{Installation of Git}{section.2.11}% 30
\BOOKMARK [2][]{subsection.2.11.3}{Various Git Commands}{section.2.11}% 31
\BOOKMARK [3][]{subsubsection.2.11.3.1}{Create Repositories}{subsection.2.11.3}% 32
\BOOKMARK [3][]{subsubsection.2.11.3.2}{Make Changes}{subsection.2.11.3}% 33
\BOOKMARK [3][]{subsubsection.2.11.3.3}{Group Changes}{subsection.2.11.3}% 34
\BOOKMARK [3][]{subsubsection.2.11.3.4}{Synchronize Changes}{subsection.2.11.3}% 35
\BOOKMARK [0][]{chapter.3}{OPENSTREETMAP Project}{}% 36
\BOOKMARK [1][]{section.3.1}{OPENSTREETMAP}{chapter.3}% 37
\BOOKMARK [2][]{subsection.3.1.1}{Benifit of Having your own tile server}{section.3.1}% 38
\BOOKMARK [2][]{subsection.3.1.2}{Postgresql / postgis}{section.3.1}% 39
\BOOKMARK [2][]{subsection.3.1.3}{Osm2pgsql}{section.3.1}% 40
\BOOKMARK [2][]{subsection.3.1.4}{OSMBRIGHT}{section.3.1}% 41
\BOOKMARK [2][]{subsection.3.1.5}{OpenLayer.js}{section.3.1}% 42
\BOOKMARK [2][]{subsection.3.1.6}{Geographic Information Systems \(GIS\)}{section.3.1}% 43
\BOOKMARK [2][]{subsection.3.1.7}{Change Colors of OSM Map}{section.3.1}% 44
\BOOKMARK [0][]{chapter.4}{Experimental Results and Comparison}{}% 45
\BOOKMARK [1][]{section.4.1}{Experimental Results}{chapter.4}% 46
\BOOKMARK [0][]{chapter.5}{Conclusion,Summary and Future Scope}{}% 47
\BOOKMARK [1][]{section.5.1}{Future Scope}{chapter.5}% 48
\BOOKMARK [1][]{section.5.2}{Technical and Managerial Lesson Learnt}{chapter.5}% 49
